CRITICAL - 2022-06-19 09:08:09 --> syntax error, unexpected token "=>", expecting "]"
#0 C:\xampp\htdocs\Praktikum11\ci4\system\Autoloader\Autoloader.php(241): CodeIgniter\Autoloader\Autoloader->includeFile('C:\\xampp\\htdocs...')
#1 C:\xampp\htdocs\Praktikum11\ci4\system\Autoloader\Autoloader.php(219): CodeIgniter\Autoloader\Autoloader->loadInNamespace('App\\Controllers...')
#2 [internal function]: CodeIgniter\Autoloader\Autoloader->loadClass('App\\Controllers...')
#3 C:\xampp\htdocs\Praktikum11\ci4\system\CodeIgniter.php(797): class_exists('\\App\\Controller...', true)
#4 C:\xampp\htdocs\Praktikum11\ci4\system\CodeIgniter.php(406): CodeIgniter\CodeIgniter->startController()
#5 C:\xampp\htdocs\Praktikum11\ci4\system\CodeIgniter.php(326): CodeIgniter\CodeIgniter->handleRequest(NULL, Object(Config\Cache), false)
#6 C:\xampp\htdocs\Praktikum11\ci4\public\index.php(37): CodeIgniter\CodeIgniter->run()
#7 C:\xampp\htdocs\Praktikum11\ci4\system\Commands\Server\rewrite.php(43): require_once('C:\\xampp\\htdocs...')
#8 {main}
CRITICAL - 2022-06-19 09:08:14 --> syntax error, unexpected token "=>", expecting "]"
#0 C:\xampp\htdocs\Praktikum11\ci4\system\Autoloader\Autoloader.php(241): CodeIgniter\Autoloader\Autoloader->includeFile('C:\\xampp\\htdocs...')
#1 C:\xampp\htdocs\Praktikum11\ci4\system\Autoloader\Autoloader.php(219): CodeIgniter\Autoloader\Autoloader->loadInNamespace('App\\Controllers...')
#2 [internal function]: CodeIgniter\Autoloader\Autoloader->loadClass('App\\Controllers...')
#3 C:\xampp\htdocs\Praktikum11\ci4\system\CodeIgniter.php(797): class_exists('\\App\\Controller...', true)
#4 C:\xampp\htdocs\Praktikum11\ci4\system\CodeIgniter.php(406): CodeIgniter\CodeIgniter->startController()
#5 C:\xampp\htdocs\Praktikum11\ci4\system\CodeIgniter.php(326): CodeIgniter\CodeIgniter->handleRequest(NULL, Object(Config\Cache), false)
#6 C:\xampp\htdocs\Praktikum11\ci4\public\index.php(37): CodeIgniter\CodeIgniter->run()
#7 C:\xampp\htdocs\Praktikum11\ci4\system\Commands\Server\rewrite.php(43): require_once('C:\\xampp\\htdocs...')
#8 {main}
CRITICAL - 2022-06-19 09:08:38 --> syntax error, unexpected token "=>", expecting "]"
#0 C:\xampp\htdocs\Praktikum11\ci4\system\Autoloader\Autoloader.php(241): CodeIgniter\Autoloader\Autoloader->includeFile('C:\\xampp\\htdocs...')
#1 C:\xampp\htdocs\Praktikum11\ci4\system\Autoloader\Autoloader.php(219): CodeIgniter\Autoloader\Autoloader->loadInNamespace('App\\Controllers...')
#2 [internal function]: CodeIgniter\Autoloader\Autoloader->loadClass('App\\Controllers...')
#3 C:\xampp\htdocs\Praktikum11\ci4\system\CodeIgniter.php(797): class_exists('\\App\\Controller...', true)
#4 C:\xampp\htdocs\Praktikum11\ci4\system\CodeIgniter.php(406): CodeIgniter\CodeIgniter->startController()
#5 C:\xampp\htdocs\Praktikum11\ci4\system\CodeIgniter.php(326): CodeIgniter\CodeIgniter->handleRequest(NULL, Object(Config\Cache), false)
#6 C:\xampp\htdocs\Praktikum11\ci4\public\index.php(37): CodeIgniter\CodeIgniter->run()
#7 C:\xampp\htdocs\Praktikum11\ci4\system\Commands\Server\rewrite.php(43): require_once('C:\\xampp\\htdocs...')
#8 {main}
CRITICAL - 2022-06-19 09:08:42 --> syntax error, unexpected token "=>", expecting "]"
#0 C:\xampp\htdocs\Praktikum11\ci4\system\Autoloader\Autoloader.php(241): CodeIgniter\Autoloader\Autoloader->includeFile('C:\\xampp\\htdocs...')
#1 C:\xampp\htdocs\Praktikum11\ci4\system\Autoloader\Autoloader.php(219): CodeIgniter\Autoloader\Autoloader->loadInNamespace('App\\Controllers...')
#2 [internal function]: CodeIgniter\Autoloader\Autoloader->loadClass('App\\Controllers...')
#3 C:\xampp\htdocs\Praktikum11\ci4\system\CodeIgniter.php(797): class_exists('\\App\\Controller...', true)
#4 C:\xampp\htdocs\Praktikum11\ci4\system\CodeIgniter.php(406): CodeIgniter\CodeIgniter->startController()
#5 C:\xampp\htdocs\Praktikum11\ci4\system\CodeIgniter.php(326): CodeIgniter\CodeIgniter->handleRequest(NULL, Object(Config\Cache), false)
#6 C:\xampp\htdocs\Praktikum11\ci4\public\index.php(37): CodeIgniter\CodeIgniter->run()
#7 C:\xampp\htdocs\Praktikum11\ci4\system\Commands\Server\rewrite.php(43): require_once('C:\\xampp\\htdocs...')
#8 {main}
CRITICAL - 2022-06-19 09:08:45 --> syntax error, unexpected token "=>", expecting "]"
#0 C:\xampp\htdocs\Praktikum11\ci4\system\Autoloader\Autoloader.php(241): CodeIgniter\Autoloader\Autoloader->includeFile('C:\\xampp\\htdocs...')
#1 C:\xampp\htdocs\Praktikum11\ci4\system\Autoloader\Autoloader.php(219): CodeIgniter\Autoloader\Autoloader->loadInNamespace('App\\Controllers...')
#2 [internal function]: CodeIgniter\Autoloader\Autoloader->loadClass('App\\Controllers...')
#3 C:\xampp\htdocs\Praktikum11\ci4\system\CodeIgniter.php(797): class_exists('\\App\\Controller...', true)
#4 C:\xampp\htdocs\Praktikum11\ci4\system\CodeIgniter.php(406): CodeIgniter\CodeIgniter->startController()
#5 C:\xampp\htdocs\Praktikum11\ci4\system\CodeIgniter.php(326): CodeIgniter\CodeIgniter->handleRequest(NULL, Object(Config\Cache), false)
#6 C:\xampp\htdocs\Praktikum11\ci4\public\index.php(37): CodeIgniter\CodeIgniter->run()
#7 C:\xampp\htdocs\Praktikum11\ci4\system\Commands\Server\rewrite.php(43): require_once('C:\\xampp\\htdocs...')
#8 {main}
CRITICAL - 2022-06-19 09:09:06 --> syntax error, unexpected token "=>", expecting "]"
#0 C:\xampp\htdocs\Praktikum11\ci4\system\Autoloader\Autoloader.php(241): CodeIgniter\Autoloader\Autoloader->includeFile('C:\\xampp\\htdocs...')
#1 C:\xampp\htdocs\Praktikum11\ci4\system\Autoloader\Autoloader.php(219): CodeIgniter\Autoloader\Autoloader->loadInNamespace('App\\Controllers...')
#2 [internal function]: CodeIgniter\Autoloader\Autoloader->loadClass('App\\Controllers...')
#3 C:\xampp\htdocs\Praktikum11\ci4\system\CodeIgniter.php(797): class_exists('\\App\\Controller...', true)
#4 C:\xampp\htdocs\Praktikum11\ci4\system\CodeIgniter.php(406): CodeIgniter\CodeIgniter->startController()
#5 C:\xampp\htdocs\Praktikum11\ci4\system\CodeIgniter.php(326): CodeIgniter\CodeIgniter->handleRequest(NULL, Object(Config\Cache), false)
#6 C:\xampp\htdocs\Praktikum11\ci4\public\index.php(37): CodeIgniter\CodeIgniter->run()
#7 C:\xampp\htdocs\Praktikum11\ci4\system\Commands\Server\rewrite.php(43): require_once('C:\\xampp\\htdocs...')
#8 {main}
CRITICAL - 2022-06-19 09:09:08 --> syntax error, unexpected token "=>", expecting "]"
#0 C:\xampp\htdocs\Praktikum11\ci4\system\Autoloader\Autoloader.php(241): CodeIgniter\Autoloader\Autoloader->includeFile('C:\\xampp\\htdocs...')
#1 C:\xampp\htdocs\Praktikum11\ci4\system\Autoloader\Autoloader.php(219): CodeIgniter\Autoloader\Autoloader->loadInNamespace('App\\Controllers...')
#2 [internal function]: CodeIgniter\Autoloader\Autoloader->loadClass('App\\Controllers...')
#3 C:\xampp\htdocs\Praktikum11\ci4\system\CodeIgniter.php(797): class_exists('\\App\\Controller...', true)
#4 C:\xampp\htdocs\Praktikum11\ci4\system\CodeIgniter.php(406): CodeIgniter\CodeIgniter->startController()
#5 C:\xampp\htdocs\Praktikum11\ci4\system\CodeIgniter.php(326): CodeIgniter\CodeIgniter->handleRequest(NULL, Object(Config\Cache), false)
#6 C:\xampp\htdocs\Praktikum11\ci4\public\index.php(37): CodeIgniter\CodeIgniter->run()
#7 C:\xampp\htdocs\Praktikum11\ci4\system\Commands\Server\rewrite.php(43): require_once('C:\\xampp\\htdocs...')
#8 {main}
CRITICAL - 2022-06-19 09:09:09 --> syntax error, unexpected token "=>", expecting "]"
#0 C:\xampp\htdocs\Praktikum11\ci4\system\Autoloader\Autoloader.php(241): CodeIgniter\Autoloader\Autoloader->includeFile('C:\\xampp\\htdocs...')
#1 C:\xampp\htdocs\Praktikum11\ci4\system\Autoloader\Autoloader.php(219): CodeIgniter\Autoloader\Autoloader->loadInNamespace('App\\Controllers...')
#2 [internal function]: CodeIgniter\Autoloader\Autoloader->loadClass('App\\Controllers...')
#3 C:\xampp\htdocs\Praktikum11\ci4\system\CodeIgniter.php(797): class_exists('\\App\\Controller...', true)
#4 C:\xampp\htdocs\Praktikum11\ci4\system\CodeIgniter.php(406): CodeIgniter\CodeIgniter->startController()
#5 C:\xampp\htdocs\Praktikum11\ci4\system\CodeIgniter.php(326): CodeIgniter\CodeIgniter->handleRequest(NULL, Object(Config\Cache), false)
#6 C:\xampp\htdocs\Praktikum11\ci4\public\index.php(37): CodeIgniter\CodeIgniter->run()
#7 C:\xampp\htdocs\Praktikum11\ci4\system\Commands\Server\rewrite.php(43): require_once('C:\\xampp\\htdocs...')
#8 {main}
CRITICAL - 2022-06-19 09:54:21 --> Invalid file: artikel.php
#0 C:\xampp\htdocs\Praktikum11\ci4\system\View\View.php(198): CodeIgniter\Exceptions\FrameworkException::forInvalidFile('artikel.php')
#1 C:\xampp\htdocs\Praktikum11\ci4\system\Common.php(1089): CodeIgniter\View\View->render('artikel', Array, true)
#2 C:\xampp\htdocs\Praktikum11\ci4\app\Controllers\page.php(10): view('artikel', Array)
#3 C:\xampp\htdocs\Praktikum11\ci4\system\CodeIgniter.php(832): App\Controllers\Page->artikel()
#4 C:\xampp\htdocs\Praktikum11\ci4\system\CodeIgniter.php(419): CodeIgniter\CodeIgniter->runController(Object(App\Controllers\Page))
#5 C:\xampp\htdocs\Praktikum11\ci4\system\CodeIgniter.php(326): CodeIgniter\CodeIgniter->handleRequest(NULL, Object(Config\Cache), false)
#6 C:\xampp\htdocs\Praktikum11\ci4\public\index.php(37): CodeIgniter\CodeIgniter->run()
#7 C:\xampp\htdocs\Praktikum11\ci4\system\Commands\Server\rewrite.php(43): require_once('C:\\xampp\\htdocs...')
#8 {main}
CRITICAL - 2022-06-19 09:54:39 --> Invalid file: artikel.php
#0 C:\xampp\htdocs\Praktikum11\ci4\system\View\View.php(198): CodeIgniter\Exceptions\FrameworkException::forInvalidFile('artikel.php')
#1 C:\xampp\htdocs\Praktikum11\ci4\system\Common.php(1089): CodeIgniter\View\View->render('artikel', Array, true)
#2 C:\xampp\htdocs\Praktikum11\ci4\app\Controllers\page.php(10): view('artikel', Array)
#3 C:\xampp\htdocs\Praktikum11\ci4\system\CodeIgniter.php(832): App\Controllers\Page->artikel()
#4 C:\xampp\htdocs\Praktikum11\ci4\system\CodeIgniter.php(419): CodeIgniter\CodeIgniter->runController(Object(App\Controllers\Page))
#5 C:\xampp\htdocs\Praktikum11\ci4\system\CodeIgniter.php(326): CodeIgniter\CodeIgniter->handleRequest(NULL, Object(Config\Cache), false)
#6 C:\xampp\htdocs\Praktikum11\ci4\public\index.php(37): CodeIgniter\CodeIgniter->run()
#7 C:\xampp\htdocs\Praktikum11\ci4\system\Commands\Server\rewrite.php(43): require_once('C:\\xampp\\htdocs...')
#8 {main}
CRITICAL - 2022-06-19 09:57:32 --> Invalid file: artikel.php
#0 C:\xampp\htdocs\Praktikum11\ci4\system\View\View.php(198): CodeIgniter\Exceptions\FrameworkException::forInvalidFile('artikel.php')
#1 C:\xampp\htdocs\Praktikum11\ci4\system\Common.php(1089): CodeIgniter\View\View->render('artikel', Array, true)
#2 C:\xampp\htdocs\Praktikum11\ci4\app\Controllers\page.php(10): view('artikel', Array)
#3 C:\xampp\htdocs\Praktikum11\ci4\system\CodeIgniter.php(832): App\Controllers\Page->artikel()
#4 C:\xampp\htdocs\Praktikum11\ci4\system\CodeIgniter.php(419): CodeIgniter\CodeIgniter->runController(Object(App\Controllers\Page))
#5 C:\xampp\htdocs\Praktikum11\ci4\system\CodeIgniter.php(326): CodeIgniter\CodeIgniter->handleRequest(NULL, Object(Config\Cache), false)
#6 C:\xampp\htdocs\Praktikum11\ci4\public\index.php(37): CodeIgniter\CodeIgniter->run()
#7 C:\xampp\htdocs\Praktikum11\ci4\system\Commands\Server\rewrite.php(43): require_once('C:\\xampp\\htdocs...')
#8 {main}
CRITICAL - 2022-06-19 09:59:11 --> Invalid file: artikel.php
#0 C:\xampp\htdocs\Praktikum11\ci4\system\View\View.php(198): CodeIgniter\Exceptions\FrameworkException::forInvalidFile('artikel.php')
#1 C:\xampp\htdocs\Praktikum11\ci4\system\Common.php(1089): CodeIgniter\View\View->render('artikel', Array, true)
#2 C:\xampp\htdocs\Praktikum11\ci4\app\Controllers\page.php(10): view('artikel', Array)
#3 C:\xampp\htdocs\Praktikum11\ci4\system\CodeIgniter.php(832): App\Controllers\Page->artikel()
#4 C:\xampp\htdocs\Praktikum11\ci4\system\CodeIgniter.php(419): CodeIgniter\CodeIgniter->runController(Object(App\Controllers\Page))
#5 C:\xampp\htdocs\Praktikum11\ci4\system\CodeIgniter.php(326): CodeIgniter\CodeIgniter->handleRequest(NULL, Object(Config\Cache), false)
#6 C:\xampp\htdocs\Praktikum11\ci4\public\index.php(37): CodeIgniter\CodeIgniter->run()
#7 C:\xampp\htdocs\Praktikum11\ci4\system\Commands\Server\rewrite.php(43): require_once('C:\\xampp\\htdocs...')
#8 {main}
CRITICAL - 2022-06-19 10:02:36 --> Invalid file: artikel.php
#0 C:\xampp\htdocs\Praktikum11\ci4\system\View\View.php(198): CodeIgniter\Exceptions\FrameworkException::forInvalidFile('artikel.php')
#1 C:\xampp\htdocs\Praktikum11\ci4\system\Common.php(1089): CodeIgniter\View\View->render('artikel', Array, true)
#2 C:\xampp\htdocs\Praktikum11\ci4\app\Controllers\page.php(10): view('artikel', Array)
#3 C:\xampp\htdocs\Praktikum11\ci4\system\CodeIgniter.php(832): App\Controllers\Page->artikel()
#4 C:\xampp\htdocs\Praktikum11\ci4\system\CodeIgniter.php(419): CodeIgniter\CodeIgniter->runController(Object(App\Controllers\Page))
#5 C:\xampp\htdocs\Praktikum11\ci4\system\CodeIgniter.php(326): CodeIgniter\CodeIgniter->handleRequest(NULL, Object(Config\Cache), false)
#6 C:\xampp\htdocs\Praktikum11\ci4\public\index.php(37): CodeIgniter\CodeIgniter->run()
#7 C:\xampp\htdocs\Praktikum11\ci4\system\Commands\Server\rewrite.php(43): require_once('C:\\xampp\\htdocs...')
#8 {main}
CRITICAL - 2022-06-19 10:08:50 --> Invalid file: artikel.php
#0 C:\xampp\htdocs\Praktikum11\ci4\system\View\View.php(198): CodeIgniter\Exceptions\FrameworkException::forInvalidFile('artikel.php')
#1 C:\xampp\htdocs\Praktikum11\ci4\system\Common.php(1089): CodeIgniter\View\View->render('artikel', Array, true)
#2 C:\xampp\htdocs\Praktikum11\ci4\app\Controllers\page.php(10): view('artikel', Array)
#3 C:\xampp\htdocs\Praktikum11\ci4\system\CodeIgniter.php(832): App\Controllers\Page->artikel()
#4 C:\xampp\htdocs\Praktikum11\ci4\system\CodeIgniter.php(419): CodeIgniter\CodeIgniter->runController(Object(App\Controllers\Page))
#5 C:\xampp\htdocs\Praktikum11\ci4\system\CodeIgniter.php(326): CodeIgniter\CodeIgniter->handleRequest(NULL, Object(Config\Cache), false)
#6 C:\xampp\htdocs\Praktikum11\ci4\public\index.php(37): CodeIgniter\CodeIgniter->run()
#7 C:\xampp\htdocs\Praktikum11\ci4\system\Commands\Server\rewrite.php(43): require_once('C:\\xampp\\htdocs...')
#8 {main}
CRITICAL - 2022-06-19 10:12:19 --> Invalid file: artikel.php
#0 C:\xampp\htdocs\Praktikum11\ci4\system\View\View.php(198): CodeIgniter\Exceptions\FrameworkException::forInvalidFile('artikel.php')
#1 C:\xampp\htdocs\Praktikum11\ci4\system\Common.php(1089): CodeIgniter\View\View->render('artikel', Array, true)
#2 C:\xampp\htdocs\Praktikum11\ci4\app\Controllers\page.php(10): view('artikel', Array)
#3 C:\xampp\htdocs\Praktikum11\ci4\system\CodeIgniter.php(832): App\Controllers\Page->artikel()
#4 C:\xampp\htdocs\Praktikum11\ci4\system\CodeIgniter.php(419): CodeIgniter\CodeIgniter->runController(Object(App\Controllers\Page))
#5 C:\xampp\htdocs\Praktikum11\ci4\system\CodeIgniter.php(326): CodeIgniter\CodeIgniter->handleRequest(NULL, Object(Config\Cache), false)
#6 C:\xampp\htdocs\Praktikum11\ci4\public\index.php(37): CodeIgniter\CodeIgniter->run()
#7 C:\xampp\htdocs\Praktikum11\ci4\system\Commands\Server\rewrite.php(43): require_once('C:\\xampp\\htdocs...')
#8 {main}
CRITICAL - 2022-06-19 10:12:22 --> Invalid file: artikel.php
#0 C:\xampp\htdocs\Praktikum11\ci4\system\View\View.php(198): CodeIgniter\Exceptions\FrameworkException::forInvalidFile('artikel.php')
#1 C:\xampp\htdocs\Praktikum11\ci4\system\Common.php(1089): CodeIgniter\View\View->render('artikel', Array, true)
#2 C:\xampp\htdocs\Praktikum11\ci4\app\Controllers\page.php(10): view('artikel', Array)
#3 C:\xampp\htdocs\Praktikum11\ci4\system\CodeIgniter.php(832): App\Controllers\Page->artikel()
#4 C:\xampp\htdocs\Praktikum11\ci4\system\CodeIgniter.php(419): CodeIgniter\CodeIgniter->runController(Object(App\Controllers\Page))
#5 C:\xampp\htdocs\Praktikum11\ci4\system\CodeIgniter.php(326): CodeIgniter\CodeIgniter->handleRequest(NULL, Object(Config\Cache), false)
#6 C:\xampp\htdocs\Praktikum11\ci4\public\index.php(37): CodeIgniter\CodeIgniter->run()
#7 C:\xampp\htdocs\Praktikum11\ci4\system\Commands\Server\rewrite.php(43): require_once('C:\\xampp\\htdocs...')
#8 {main}
CRITICAL - 2022-06-19 10:21:58 --> Invalid file: artikel.php
#0 C:\xampp\htdocs\Praktikum11\ci4\system\View\View.php(198): CodeIgniter\Exceptions\FrameworkException::forInvalidFile('artikel.php')
#1 C:\xampp\htdocs\Praktikum11\ci4\system\Common.php(1089): CodeIgniter\View\View->render('artikel', Array, true)
#2 C:\xampp\htdocs\Praktikum11\ci4\app\Controllers\page.php(10): view('artikel', Array)
#3 C:\xampp\htdocs\Praktikum11\ci4\system\CodeIgniter.php(832): App\Controllers\Page->artikel()
#4 C:\xampp\htdocs\Praktikum11\ci4\system\CodeIgniter.php(419): CodeIgniter\CodeIgniter->runController(Object(App\Controllers\Page))
#5 C:\xampp\htdocs\Praktikum11\ci4\system\CodeIgniter.php(326): CodeIgniter\CodeIgniter->handleRequest(NULL, Object(Config\Cache), false)
#6 C:\xampp\htdocs\Praktikum11\ci4\public\index.php(37): CodeIgniter\CodeIgniter->run()
#7 C:\xampp\htdocs\Praktikum11\ci4\system\Commands\Server\rewrite.php(43): require_once('C:\\xampp\\htdocs...')
#8 {main}
CRITICAL - 2022-06-19 10:21:59 --> Invalid file: artikel.php
#0 C:\xampp\htdocs\Praktikum11\ci4\system\View\View.php(198): CodeIgniter\Exceptions\FrameworkException::forInvalidFile('artikel.php')
#1 C:\xampp\htdocs\Praktikum11\ci4\system\Common.php(1089): CodeIgniter\View\View->render('artikel', Array, true)
#2 C:\xampp\htdocs\Praktikum11\ci4\app\Controllers\page.php(10): view('artikel', Array)
#3 C:\xampp\htdocs\Praktikum11\ci4\system\CodeIgniter.php(832): App\Controllers\Page->artikel()
#4 C:\xampp\htdocs\Praktikum11\ci4\system\CodeIgniter.php(419): CodeIgniter\CodeIgniter->runController(Object(App\Controllers\Page))
#5 C:\xampp\htdocs\Praktikum11\ci4\system\CodeIgniter.php(326): CodeIgniter\CodeIgniter->handleRequest(NULL, Object(Config\Cache), false)
#6 C:\xampp\htdocs\Praktikum11\ci4\public\index.php(37): CodeIgniter\CodeIgniter->run()
#7 C:\xampp\htdocs\Praktikum11\ci4\system\Commands\Server\rewrite.php(43): require_once('C:\\xampp\\htdocs...')
#8 {main}
CRITICAL - 2022-06-19 10:22:00 --> Invalid file: artikel.php
#0 C:\xampp\htdocs\Praktikum11\ci4\system\View\View.php(198): CodeIgniter\Exceptions\FrameworkException::forInvalidFile('artikel.php')
#1 C:\xampp\htdocs\Praktikum11\ci4\system\Common.php(1089): CodeIgniter\View\View->render('artikel', Array, true)
#2 C:\xampp\htdocs\Praktikum11\ci4\app\Controllers\page.php(10): view('artikel', Array)
#3 C:\xampp\htdocs\Praktikum11\ci4\system\CodeIgniter.php(832): App\Controllers\Page->artikel()
#4 C:\xampp\htdocs\Praktikum11\ci4\system\CodeIgniter.php(419): CodeIgniter\CodeIgniter->runController(Object(App\Controllers\Page))
#5 C:\xampp\htdocs\Praktikum11\ci4\system\CodeIgniter.php(326): CodeIgniter\CodeIgniter->handleRequest(NULL, Object(Config\Cache), false)
#6 C:\xampp\htdocs\Praktikum11\ci4\public\index.php(37): CodeIgniter\CodeIgniter->run()
#7 C:\xampp\htdocs\Praktikum11\ci4\system\Commands\Server\rewrite.php(43): require_once('C:\\xampp\\htdocs...')
#8 {main}
CRITICAL - 2022-06-19 10:23:56 --> Invalid file: artikel.php
#0 C:\xampp\htdocs\Praktikum11\ci4\system\View\View.php(198): CodeIgniter\Exceptions\FrameworkException::forInvalidFile('artikel.php')
#1 C:\xampp\htdocs\Praktikum11\ci4\system\Common.php(1089): CodeIgniter\View\View->render('artikel', Array, true)
#2 C:\xampp\htdocs\Praktikum11\ci4\app\Controllers\page.php(10): view('artikel', Array)
#3 C:\xampp\htdocs\Praktikum11\ci4\system\CodeIgniter.php(832): App\Controllers\Page->artikel()
#4 C:\xampp\htdocs\Praktikum11\ci4\system\CodeIgniter.php(419): CodeIgniter\CodeIgniter->runController(Object(App\Controllers\Page))
#5 C:\xampp\htdocs\Praktikum11\ci4\system\CodeIgniter.php(326): CodeIgniter\CodeIgniter->handleRequest(NULL, Object(Config\Cache), false)
#6 C:\xampp\htdocs\Praktikum11\ci4\public\index.php(37): CodeIgniter\CodeIgniter->run()
#7 C:\xampp\htdocs\Praktikum11\ci4\system\Commands\Server\rewrite.php(43): require_once('C:\\xampp\\htdocs...')
#8 {main}
CRITICAL - 2022-06-19 10:32:21 --> Invalid file: artikel.php
#0 C:\xampp\htdocs\Praktikum11\ci4\system\View\View.php(198): CodeIgniter\Exceptions\FrameworkException::forInvalidFile('artikel.php')
#1 C:\xampp\htdocs\Praktikum11\ci4\system\Common.php(1089): CodeIgniter\View\View->render('artikel', Array, true)
#2 C:\xampp\htdocs\Praktikum11\ci4\app\Controllers\page.php(10): view('artikel', Array)
#3 C:\xampp\htdocs\Praktikum11\ci4\system\CodeIgniter.php(832): App\Controllers\Page->artikel()
#4 C:\xampp\htdocs\Praktikum11\ci4\system\CodeIgniter.php(419): CodeIgniter\CodeIgniter->runController(Object(App\Controllers\Page))
#5 C:\xampp\htdocs\Praktikum11\ci4\system\CodeIgniter.php(326): CodeIgniter\CodeIgniter->handleRequest(NULL, Object(Config\Cache), false)
#6 C:\xampp\htdocs\Praktikum11\ci4\public\index.php(37): CodeIgniter\CodeIgniter->run()
#7 C:\xampp\htdocs\Praktikum11\ci4\system\Commands\Server\rewrite.php(43): require_once('C:\\xampp\\htdocs...')
#8 {main}
CRITICAL - 2022-06-19 11:10:30 --> Invalid file: artikel.php
#0 C:\xampp\htdocs\Praktikum11\ci4\system\View\View.php(198): CodeIgniter\Exceptions\FrameworkException::forInvalidFile('artikel.php')
#1 C:\xampp\htdocs\Praktikum11\ci4\system\Common.php(1089): CodeIgniter\View\View->render('artikel', Array, true)
#2 C:\xampp\htdocs\Praktikum11\ci4\app\Controllers\page.php(10): view('artikel', Array)
#3 C:\xampp\htdocs\Praktikum11\ci4\system\CodeIgniter.php(832): App\Controllers\Page->artikel()
#4 C:\xampp\htdocs\Praktikum11\ci4\system\CodeIgniter.php(419): CodeIgniter\CodeIgniter->runController(Object(App\Controllers\Page))
#5 C:\xampp\htdocs\Praktikum11\ci4\system\CodeIgniter.php(326): CodeIgniter\CodeIgniter->handleRequest(NULL, Object(Config\Cache), false)
#6 C:\xampp\htdocs\Praktikum11\ci4\public\index.php(37): CodeIgniter\CodeIgniter->run()
#7 C:\xampp\htdocs\Praktikum11\ci4\system\Commands\Server\rewrite.php(43): require_once('C:\\xampp\\htdocs...')
#8 {main}
CRITICAL - 2022-06-19 11:11:32 --> Invalid file: artikel.php
#0 C:\xampp\htdocs\Praktikum11\ci4\system\View\View.php(198): CodeIgniter\Exceptions\FrameworkException::forInvalidFile('artikel.php')
#1 C:\xampp\htdocs\Praktikum11\ci4\system\Common.php(1089): CodeIgniter\View\View->render('artikel', Array, true)
#2 C:\xampp\htdocs\Praktikum11\ci4\app\Controllers\page.php(10): view('artikel', Array)
#3 C:\xampp\htdocs\Praktikum11\ci4\system\CodeIgniter.php(832): App\Controllers\Page->artikel()
#4 C:\xampp\htdocs\Praktikum11\ci4\system\CodeIgniter.php(419): CodeIgniter\CodeIgniter->runController(Object(App\Controllers\Page))
#5 C:\xampp\htdocs\Praktikum11\ci4\system\CodeIgniter.php(326): CodeIgniter\CodeIgniter->handleRequest(NULL, Object(Config\Cache), false)
#6 C:\xampp\htdocs\Praktikum11\ci4\public\index.php(37): CodeIgniter\CodeIgniter->run()
#7 C:\xampp\htdocs\Praktikum11\ci4\system\Commands\Server\rewrite.php(43): require_once('C:\\xampp\\htdocs...')
#8 {main}
CRITICAL - 2022-06-19 11:12:11 --> Invalid file: artikel.php
#0 C:\xampp\htdocs\Praktikum11\ci4\system\View\View.php(198): CodeIgniter\Exceptions\FrameworkException::forInvalidFile('artikel.php')
#1 C:\xampp\htdocs\Praktikum11\ci4\system\Common.php(1089): CodeIgniter\View\View->render('artikel', Array, true)
#2 C:\xampp\htdocs\Praktikum11\ci4\app\Controllers\page.php(10): view('artikel', Array)
#3 C:\xampp\htdocs\Praktikum11\ci4\system\CodeIgniter.php(832): App\Controllers\Page->artikel()
#4 C:\xampp\htdocs\Praktikum11\ci4\system\CodeIgniter.php(419): CodeIgniter\CodeIgniter->runController(Object(App\Controllers\Page))
#5 C:\xampp\htdocs\Praktikum11\ci4\system\CodeIgniter.php(326): CodeIgniter\CodeIgniter->handleRequest(NULL, Object(Config\Cache), false)
#6 C:\xampp\htdocs\Praktikum11\ci4\public\index.php(37): CodeIgniter\CodeIgniter->run()
#7 C:\xampp\htdocs\Praktikum11\ci4\system\Commands\Server\rewrite.php(43): require_once('C:\\xampp\\htdocs...')
#8 {main}
CRITICAL - 2022-06-19 11:12:13 --> Invalid file: artikel.php
#0 C:\xampp\htdocs\Praktikum11\ci4\system\View\View.php(198): CodeIgniter\Exceptions\FrameworkException::forInvalidFile('artikel.php')
#1 C:\xampp\htdocs\Praktikum11\ci4\system\Common.php(1089): CodeIgniter\View\View->render('artikel', Array, true)
#2 C:\xampp\htdocs\Praktikum11\ci4\app\Controllers\page.php(10): view('artikel', Array)
#3 C:\xampp\htdocs\Praktikum11\ci4\system\CodeIgniter.php(832): App\Controllers\Page->artikel()
#4 C:\xampp\htdocs\Praktikum11\ci4\system\CodeIgniter.php(419): CodeIgniter\CodeIgniter->runController(Object(App\Controllers\Page))
#5 C:\xampp\htdocs\Praktikum11\ci4\system\CodeIgniter.php(326): CodeIgniter\CodeIgniter->handleRequest(NULL, Object(Config\Cache), false)
#6 C:\xampp\htdocs\Praktikum11\ci4\public\index.php(37): CodeIgniter\CodeIgniter->run()
#7 C:\xampp\htdocs\Praktikum11\ci4\system\Commands\Server\rewrite.php(43): require_once('C:\\xampp\\htdocs...')
#8 {main}
CRITICAL - 2022-06-19 11:12:18 --> Invalid file: artikel.php
#0 C:\xampp\htdocs\Praktikum11\ci4\system\View\View.php(198): CodeIgniter\Exceptions\FrameworkException::forInvalidFile('artikel.php')
#1 C:\xampp\htdocs\Praktikum11\ci4\system\Common.php(1089): CodeIgniter\View\View->render('artikel', Array, true)
#2 C:\xampp\htdocs\Praktikum11\ci4\app\Controllers\page.php(10): view('artikel', Array)
#3 C:\xampp\htdocs\Praktikum11\ci4\system\CodeIgniter.php(832): App\Controllers\Page->artikel()
#4 C:\xampp\htdocs\Praktikum11\ci4\system\CodeIgniter.php(419): CodeIgniter\CodeIgniter->runController(Object(App\Controllers\Page))
#5 C:\xampp\htdocs\Praktikum11\ci4\system\CodeIgniter.php(326): CodeIgniter\CodeIgniter->handleRequest(NULL, Object(Config\Cache), false)
#6 C:\xampp\htdocs\Praktikum11\ci4\public\index.php(37): CodeIgniter\CodeIgniter->run()
#7 C:\xampp\htdocs\Praktikum11\ci4\system\Commands\Server\rewrite.php(43): require_once('C:\\xampp\\htdocs...')
#8 {main}
CRITICAL - 2022-06-19 11:12:38 --> Invalid file: artikel.php
#0 C:\xampp\htdocs\Praktikum11\ci4\system\View\View.php(198): CodeIgniter\Exceptions\FrameworkException::forInvalidFile('artikel.php')
#1 C:\xampp\htdocs\Praktikum11\ci4\system\Common.php(1089): CodeIgniter\View\View->render('artikel', Array, true)
#2 C:\xampp\htdocs\Praktikum11\ci4\app\Controllers\page.php(10): view('artikel', Array)
#3 C:\xampp\htdocs\Praktikum11\ci4\system\CodeIgniter.php(832): App\Controllers\Page->artikel()
#4 C:\xampp\htdocs\Praktikum11\ci4\system\CodeIgniter.php(419): CodeIgniter\CodeIgniter->runController(Object(App\Controllers\Page))
#5 C:\xampp\htdocs\Praktikum11\ci4\system\CodeIgniter.php(326): CodeIgniter\CodeIgniter->handleRequest(NULL, Object(Config\Cache), false)
#6 C:\xampp\htdocs\Praktikum11\ci4\public\index.php(37): CodeIgniter\CodeIgniter->run()
#7 C:\xampp\htdocs\Praktikum11\ci4\system\Commands\Server\rewrite.php(43): require_once('C:\\xampp\\htdocs...')
#8 {main}
CRITICAL - 2022-06-19 11:20:40 --> Unclosed '{' on line 8
#0 C:\xampp\htdocs\Praktikum11\ci4\system\Router\Router.php(175): CodeIgniter\Router\Router->autoRoute('Artikel')
#1 C:\xampp\htdocs\Praktikum11\ci4\system\CodeIgniter.php(726): CodeIgniter\Router\Router->handle('Artikel')
#2 C:\xampp\htdocs\Praktikum11\ci4\system\CodeIgniter.php(368): CodeIgniter\CodeIgniter->tryToRouteIt(Object(CodeIgniter\Router\RouteCollection))
#3 C:\xampp\htdocs\Praktikum11\ci4\system\CodeIgniter.php(326): CodeIgniter\CodeIgniter->handleRequest(NULL, Object(Config\Cache), false)
#4 C:\xampp\htdocs\Praktikum11\ci4\public\index.php(37): CodeIgniter\CodeIgniter->run()
#5 C:\xampp\htdocs\Praktikum11\ci4\system\Commands\Server\rewrite.php(43): require_once('C:\\xampp\\htdocs...')
#6 {main}
CRITICAL - 2022-06-19 11:20:50 --> Invalid file: artikel.php
#0 C:\xampp\htdocs\Praktikum11\ci4\system\View\View.php(198): CodeIgniter\Exceptions\FrameworkException::forInvalidFile('artikel.php')
#1 C:\xampp\htdocs\Praktikum11\ci4\system\Common.php(1089): CodeIgniter\View\View->render('artikel', Array, true)
#2 C:\xampp\htdocs\Praktikum11\ci4\app\Controllers\page.php(10): view('artikel', Array)
#3 C:\xampp\htdocs\Praktikum11\ci4\system\CodeIgniter.php(832): App\Controllers\Page->artikel()
#4 C:\xampp\htdocs\Praktikum11\ci4\system\CodeIgniter.php(419): CodeIgniter\CodeIgniter->runController(Object(App\Controllers\Page))
#5 C:\xampp\htdocs\Praktikum11\ci4\system\CodeIgniter.php(326): CodeIgniter\CodeIgniter->handleRequest(NULL, Object(Config\Cache), false)
#6 C:\xampp\htdocs\Praktikum11\ci4\public\index.php(37): CodeIgniter\CodeIgniter->run()
#7 C:\xampp\htdocs\Praktikum11\ci4\system\Commands\Server\rewrite.php(43): require_once('C:\\xampp\\htdocs...')
#8 {main}
CRITICAL - 2022-06-19 11:21:05 --> Unclosed '{' on line 8
#0 C:\xampp\htdocs\Praktikum11\ci4\system\Router\Router.php(175): CodeIgniter\Router\Router->autoRoute('Artikel')
#1 C:\xampp\htdocs\Praktikum11\ci4\system\CodeIgniter.php(726): CodeIgniter\Router\Router->handle('Artikel')
#2 C:\xampp\htdocs\Praktikum11\ci4\system\CodeIgniter.php(368): CodeIgniter\CodeIgniter->tryToRouteIt(Object(CodeIgniter\Router\RouteCollection))
#3 C:\xampp\htdocs\Praktikum11\ci4\system\CodeIgniter.php(326): CodeIgniter\CodeIgniter->handleRequest(NULL, Object(Config\Cache), false)
#4 C:\xampp\htdocs\Praktikum11\ci4\public\index.php(37): CodeIgniter\CodeIgniter->run()
#5 C:\xampp\htdocs\Praktikum11\ci4\system\Commands\Server\rewrite.php(43): require_once('C:\\xampp\\htdocs...')
#6 {main}
CRITICAL - 2022-06-19 11:35:15 --> Invalid file: template/admin_header.php
#0 C:\xampp\htdocs\Praktikum11\ci4\system\View\View.php(198): CodeIgniter\Exceptions\FrameworkException::forInvalidFile('template/admin_...')
#1 C:\xampp\htdocs\Praktikum11\ci4\system\View\View.php(424): CodeIgniter\View\View->render('template/admin_...', NULL, true)
#2 C:\xampp\htdocs\Praktikum11\ci4\app\Views\artikel\admin_index.php(1): CodeIgniter\View\View->include('template/admin_...')
#3 C:\xampp\htdocs\Praktikum11\ci4\system\View\View.php(210): include('C:\\xampp\\htdocs...')
#4 C:\xampp\htdocs\Praktikum11\ci4\system\View\View.php(213): CodeIgniter\View\View->CodeIgniter\View\{closure}()
#5 C:\xampp\htdocs\Praktikum11\ci4\system\Common.php(1089): CodeIgniter\View\View->render('artikel/admin_i...', Array, true)
#6 C:\xampp\htdocs\Praktikum11\ci4\app\Controllers\Artikel.php(35): view('artikel/admin_i...', Array)
#7 C:\xampp\htdocs\Praktikum11\ci4\system\CodeIgniter.php(832): App\Controllers\Artikel->admin_index()
#8 C:\xampp\htdocs\Praktikum11\ci4\system\CodeIgniter.php(419): CodeIgniter\CodeIgniter->runController(Object(App\Controllers\Artikel))
#9 C:\xampp\htdocs\Praktikum11\ci4\system\CodeIgniter.php(326): CodeIgniter\CodeIgniter->handleRequest(NULL, Object(Config\Cache), false)
#10 C:\xampp\htdocs\Praktikum11\ci4\public\index.php(37): CodeIgniter\CodeIgniter->run()
#11 C:\xampp\htdocs\Praktikum11\ci4\system\Commands\Server\rewrite.php(43): require_once('C:\\xampp\\htdocs...')
#12 {main}
CRITICAL - 2022-06-19 11:36:07 --> Invalid file: artikel.php
#0 C:\xampp\htdocs\Praktikum11\ci4\system\View\View.php(198): CodeIgniter\Exceptions\FrameworkException::forInvalidFile('artikel.php')
#1 C:\xampp\htdocs\Praktikum11\ci4\system\Common.php(1089): CodeIgniter\View\View->render('artikel', Array, true)
#2 C:\xampp\htdocs\Praktikum11\ci4\app\Controllers\page.php(10): view('artikel', Array)
#3 C:\xampp\htdocs\Praktikum11\ci4\system\CodeIgniter.php(832): App\Controllers\Page->artikel()
#4 C:\xampp\htdocs\Praktikum11\ci4\system\CodeIgniter.php(419): CodeIgniter\CodeIgniter->runController(Object(App\Controllers\Page))
#5 C:\xampp\htdocs\Praktikum11\ci4\system\CodeIgniter.php(326): CodeIgniter\CodeIgniter->handleRequest(NULL, Object(Config\Cache), false)
#6 C:\xampp\htdocs\Praktikum11\ci4\public\index.php(37): CodeIgniter\CodeIgniter->run()
#7 C:\xampp\htdocs\Praktikum11\ci4\system\Commands\Server\rewrite.php(43): require_once('C:\\xampp\\htdocs...')
#8 {main}
CRITICAL - 2022-06-19 11:38:45 --> Invalid file: artikel.php
#0 C:\xampp\htdocs\Praktikum11\ci4\system\View\View.php(198): CodeIgniter\Exceptions\FrameworkException::forInvalidFile('artikel.php')
#1 C:\xampp\htdocs\Praktikum11\ci4\system\Common.php(1089): CodeIgniter\View\View->render('artikel', Array, true)
#2 C:\xampp\htdocs\Praktikum11\ci4\app\Controllers\page.php(10): view('artikel', Array)
#3 C:\xampp\htdocs\Praktikum11\ci4\system\CodeIgniter.php(832): App\Controllers\Page->artikel()
#4 C:\xampp\htdocs\Praktikum11\ci4\system\CodeIgniter.php(419): CodeIgniter\CodeIgniter->runController(Object(App\Controllers\Page))
#5 C:\xampp\htdocs\Praktikum11\ci4\system\CodeIgniter.php(326): CodeIgniter\CodeIgniter->handleRequest(NULL, Object(Config\Cache), false)
#6 C:\xampp\htdocs\Praktikum11\ci4\public\index.php(37): CodeIgniter\CodeIgniter->run()
#7 C:\xampp\htdocs\Praktikum11\ci4\system\Commands\Server\rewrite.php(43): require_once('C:\\xampp\\htdocs...')
#8 {main}
CRITICAL - 2022-06-19 11:42:52 --> Invalid file: artikel.php
#0 C:\xampp\htdocs\Praktikum11\ci4\system\View\View.php(198): CodeIgniter\Exceptions\FrameworkException::forInvalidFile('artikel.php')
#1 C:\xampp\htdocs\Praktikum11\ci4\system\Common.php(1089): CodeIgniter\View\View->render('artikel', Array, true)
#2 C:\xampp\htdocs\Praktikum11\ci4\app\Controllers\page.php(10): view('artikel', Array)
#3 C:\xampp\htdocs\Praktikum11\ci4\system\CodeIgniter.php(832): App\Controllers\Page->artikel()
#4 C:\xampp\htdocs\Praktikum11\ci4\system\CodeIgniter.php(419): CodeIgniter\CodeIgniter->runController(Object(App\Controllers\Page))
#5 C:\xampp\htdocs\Praktikum11\ci4\system\CodeIgniter.php(326): CodeIgniter\CodeIgniter->handleRequest(NULL, Object(Config\Cache), false)
#6 C:\xampp\htdocs\Praktikum11\ci4\public\index.php(37): CodeIgniter\CodeIgniter->run()
#7 C:\xampp\htdocs\Praktikum11\ci4\system\Commands\Server\rewrite.php(43): require_once('C:\\xampp\\htdocs...')
#8 {main}
